[2025-10-23 02:23:26,092: INFO: template: Creating Directory:.github\workflow for the .gitkeep]
[2025-10-23 02:23:26,093: INFO: template: Creating empty file : .github\workflow\.gitkeep]
[2025-10-23 02:23:26,094: INFO: template: Creating Directory:src\Chatbot for the __init__.py]
[2025-10-23 02:23:26,095: INFO: template: Creating empty file : src\Chatbot\__init__.py]
[2025-10-23 02:23:26,095: INFO: template: Creating Directory:src\Chatbot\components for the __init__.py]
[2025-10-23 02:23:26,096: INFO: template: Creating empty file : src\Chatbot\components\__init__.py]
[2025-10-23 02:23:26,098: INFO: template: Creating Directory:src\Chatbot\utils\common.pysrc\Chatbot\research\research.ipynbsrc\Chatbot\utils for the __init__.py]
[2025-10-23 02:23:26,105: INFO: template: Creating empty file : src\Chatbot\utils\common.pysrc\Chatbot\research\research.ipynbsrc\Chatbot\utils\__init__.py]
[2025-10-23 02:23:26,106: INFO: template: Creating Directory:src\Chatbot\logging for the __init__.py]
[2025-10-23 02:23:26,107: INFO: template: __init__.py is Already exists]
[2025-10-23 02:23:26,107: INFO: template: Creating Directory:src\Chatbot\config for the __init__.py]
[2025-10-23 02:23:26,108: INFO: template: Creating empty file : src\Chatbot\config\__init__.py]
[2025-10-23 02:23:26,109: INFO: template: Creating Directory:src\Chatbot\config for the configration.py]
[2025-10-23 02:23:26,110: INFO: template: Creating empty file : src\Chatbot\config\configration.py]
[2025-10-23 02:23:26,111: INFO: template: Creating Directory:src\Chatbot\pipeline for the __init__.py]
[2025-10-23 02:23:26,112: INFO: template: Creating empty file : src\Chatbot\pipeline\__init__.py]
[2025-10-23 02:23:26,113: INFO: template: Creating Directory:src\Chatbot\entity for the __init__.py]
[2025-10-23 02:23:26,114: INFO: template: Creating empty file : src\Chatbot\entity\__init__.py]
[2025-10-23 02:23:26,114: INFO: template: Creating Directory:src\Chatbot\constants for the __init__.py]
[2025-10-23 02:23:26,115: INFO: template: Creating empty file : src\Chatbot\constants\__init__.py]
[2025-10-23 02:23:26,120: INFO: template: Creating Directory:config for the config.yaml]
[2025-10-23 02:23:26,121: INFO: template: Creating empty file : config\config.yaml]
[2025-10-23 02:23:26,122: INFO: template: Creating Directory:param for the params.yaml]
[2025-10-23 02:23:26,123: INFO: template: Creating empty file : param\params.yaml]
[2025-10-23 02:23:26,123: INFO: template: Creating empty file : app.py]
[2025-10-23 02:23:26,124: INFO: template: Creating empty file : main.py]
[2025-10-23 02:23:26,126: INFO: template: Creating empty file : .gitignore]
[2025-10-23 02:23:26,127: INFO: template: Creating empty file : Dockerfile]
[2025-10-23 02:23:26,128: INFO: template: Creating empty file : .dockerignore]
[2025-10-23 02:23:26,129: INFO: template: Creating empty file : requirements.txt]
[2025-10-23 02:23:26,133: INFO: template: Creating empty file : setup.py]
[2025-10-28 01:36:45,559: INFO: utils: NumExpr defaulting to 4 threads.]
[2025-10-28 01:36:50,856: INFO: config: TensorFlow version 2.20.0 available.]
[2025-10-28 01:38:38,851: INFO: utils: NumExpr defaulting to 4 threads.]
[2025-10-28 01:38:40,251: INFO: config: TensorFlow version 2.20.0 available.]
[2025-10-28 01:40:17,298: INFO: utils: NumExpr defaulting to 4 threads.]
[2025-10-28 01:40:18,738: INFO: config: TensorFlow version 2.20.0 available.]
[2025-10-28 01:43:18,956: INFO: utils: NumExpr defaulting to 4 threads.]
[2025-10-28 01:43:20,239: INFO: config: TensorFlow version 2.20.0 available.]
[2025-10-28 01:43:28,833: INFO: common: yaml file: config\config.yaml loaded successfully]
[2025-10-28 01:43:28,849: INFO: common: yaml file: param\params.yaml loaded successfully]
[2025-10-28 01:43:28,852: INFO: common: created directory at: artifacts]
[2025-10-28 01:43:28,854: INFO: common: created directory at: artifacts/data_ingestion]
[2025-10-28 01:43:28,856: INFO: data_ingestion:  Loading dataset lmsys/lmsys-chat-1m from Hugging Face...]
[2025-10-28 01:46:41,296: INFO: utils: NumExpr defaulting to 4 threads.]
[2025-10-28 01:46:43,492: INFO: config: TensorFlow version 2.20.0 available.]
[2025-10-28 01:46:52,120: INFO: common: yaml file: config\config.yaml loaded successfully]
[2025-10-28 01:46:52,127: INFO: common: yaml file: param\params.yaml loaded successfully]
[2025-10-28 01:46:52,129: INFO: common: created directory at: artifacts]
[2025-10-28 01:46:52,130: INFO: common: created directory at: artifacts/data_ingestion]
[2025-10-28 01:46:52,131: INFO: data_ingestion:  Loading dataset lmsys/lmsys-chat-1m from Hugging Face...]
[2025-10-28 01:47:05,268: INFO: data_ingestion:  Saving train split to artifacts\data_ingestion\train.parquet]
[2025-10-28 01:48:49,710: INFO: data_ingestion:  Dataset downloaded and saved successfully!]
[2025-10-28 01:48:50,067: INFO: common: created directory at: artifacts/data_transformation]
[2025-10-28 01:48:51,598: INFO: data_transformation:  Loading dataset from artifacts/data_ingestion]
[2025-10-28 02:13:48,134: INFO: utils: NumExpr defaulting to 4 threads.]
[2025-10-28 02:13:50,482: INFO: config: TensorFlow version 2.20.0 available.]
[2025-10-28 02:14:02,782: INFO: common: yaml file: config\config.yaml loaded successfully]
[2025-10-28 02:14:02,792: INFO: common: yaml file: param\params.yaml loaded successfully]
[2025-10-28 02:14:02,793: INFO: common: created directory at: artifacts]
[2025-10-28 02:14:02,794: INFO: common: created directory at: artifacts/data_transformation]
[2025-10-28 03:13:17,221: INFO: utils: NumExpr defaulting to 4 threads.]
[2025-10-28 03:13:22,441: INFO: config: TensorFlow version 2.20.0 available.]
[2025-10-28 03:13:44,405: INFO: common: yaml file: config\config.yaml loaded successfully]
[2025-10-28 03:13:44,423: INFO: common: yaml file: param\params.yaml loaded successfully]
[2025-10-28 03:13:44,424: INFO: common: created directory at: artifacts]
[2025-10-28 03:13:44,426: INFO: common: created directory at: artifacts/data_ingestion]
[2025-10-28 03:13:44,426: INFO: data_ingestion:  Loading dataset lmsys/lmsys-chat-1m from Hugging Face...]
[2025-10-28 03:14:02,207: INFO: data_ingestion:  Saving dataset to artifacts\data_ingestion in Arrow format...]
[2025-10-28 03:15:04,270: INFO: data_ingestion:  Dataset downloaded and saved successfully in Arrow format!]
[2025-10-28 03:15:04,679: INFO: common: created directory at: artifacts/data_transformation]
[2025-10-28 03:15:06,283: INFO: data_transformation:  Loading dataset from artifacts/data_ingestion]
[2025-10-28 03:15:34,954: INFO: data_transformation:  Dataset loaded with 1000000 samples]
[2025-10-28 03:15:34,956: INFO: data_transformation: Converting conversations into input-target pairs...]
[2025-10-28 03:16:20,670: INFO: data_transformation: Saving batch 1...]
[2025-10-28 03:18:00,492: INFO: data_transformation: Saving batch 2...]
[2025-10-28 03:19:17,057: INFO: data_transformation: Saving batch 3...]
[2025-10-28 03:20:22,552: INFO: data_transformation: Saving batch 4...]
[2025-10-28 03:21:25,289: INFO: data_transformation: Saving batch 5...]
[2025-10-28 03:22:35,621: INFO: data_transformation: Saving batch 6...]
[2025-10-28 03:22:58,952: INFO: data_transformation:  Created total 3031290 conversation pairs]
[2025-10-28 03:22:59,020: INFO: data_transformation:  Applying tokenization in batches (memory safe)...]
[2025-10-28 03:26:47,186: INFO: utils: NumExpr defaulting to 4 threads.]
[2025-10-28 03:26:50,088: INFO: config: TensorFlow version 2.20.0 available.]
[2025-10-28 03:27:08,147: INFO: common: yaml file: config\config.yaml loaded successfully]
[2025-10-28 03:27:08,158: INFO: common: yaml file: param\params.yaml loaded successfully]
[2025-10-28 03:27:08,160: INFO: common: created directory at: artifacts]
[2025-10-28 03:27:08,161: INFO: common: created directory at: artifacts/data_transformation]
[2025-10-28 03:27:09,921: INFO: data_transformation:  Loading dataset from artifacts/data_ingestion]
[2025-10-28 03:27:16,739: INFO: data_transformation:  Dataset loaded with 1000000 samples]
[2025-10-28 03:27:16,741: INFO: data_transformation: Converting conversations into input-target pairs...]
[2025-10-28 03:27:34,844: INFO: data_transformation: Saving batch 1...]
[2025-10-28 03:27:59,416: INFO: data_transformation: Saving batch 2...]
[2025-10-28 03:28:28,025: INFO: data_transformation: Saving batch 3...]
[2025-10-28 03:28:56,002: INFO: data_transformation: Saving batch 4...]
[2025-10-28 03:29:26,646: INFO: data_transformation: Saving batch 5...]
[2025-10-28 03:29:57,595: INFO: data_transformation: Saving batch 6...]
[2025-10-28 03:30:29,032: INFO: data_transformation: Saving batch 7...]
[2025-10-28 03:31:02,989: INFO: data_transformation: Saving batch 8...]
[2025-10-28 03:31:36,365: INFO: data_transformation: Saving batch 9...]
[2025-10-28 03:32:06,093: INFO: data_transformation: Saving batch 10...]
[2025-10-28 03:32:14,436: INFO: data_transformation:  Created total 3031290 conversation pairs]
[2025-10-28 03:32:14,465: INFO: data_transformation:  Applying tokenization in batches (memory safe)...]
[2025-10-28 03:36:57,623: INFO: utils: NumExpr defaulting to 4 threads.]
[2025-10-28 03:37:00,705: INFO: config: TensorFlow version 2.20.0 available.]
[2025-10-28 03:37:17,583: INFO: common: yaml file: config\config.yaml loaded successfully]
[2025-10-28 03:37:17,598: INFO: common: yaml file: param\params.yaml loaded successfully]
[2025-10-28 03:37:17,601: INFO: common: created directory at: artifacts]
[2025-10-28 03:37:17,603: INFO: common: created directory at: artifacts/data_transformation]
[2025-10-28 03:37:19,304: INFO: data_transformation:  Loading dataset from artifacts/data_ingestion]
[2025-10-28 03:37:25,098: INFO: data_transformation:  Dataset loaded with 1000000 samples]
[2025-10-28 03:37:25,100: INFO: data_transformation: Converting conversations into input-target pairs...]
[2025-10-28 03:37:42,925: INFO: data_transformation: Saving batch 1...]
[2025-10-28 03:38:07,119: INFO: data_transformation: Saving batch 2...]
[2025-10-28 03:38:31,887: INFO: data_transformation: Saving batch 3...]
[2025-10-28 03:38:47,637: INFO: data_transformation: Saving batch 4...]
[2025-10-28 03:39:04,853: INFO: data_transformation: Saving batch 5...]
[2025-10-28 03:39:27,093: INFO: data_transformation: Saving batch 6...]
[2025-10-28 03:39:44,075: INFO: data_transformation: Saving batch 7...]
[2025-10-28 03:40:11,113: INFO: data_transformation: Saving batch 8...]
[2025-10-28 03:40:36,680: INFO: data_transformation: Saving batch 9...]
[2025-10-28 03:40:56,750: INFO: data_transformation: Saving batch 10...]
[2025-10-28 03:41:07,917: INFO: data_transformation:  Created total 3031290 conversation pairs]
[2025-10-28 03:41:07,943: INFO: data_transformation:  Applying tokenization in batches (memory safe)...]
[2025-10-28 03:41:07,955: INFO: data_transformation: Processing batch 1/61: samples 0-50000]
[2025-10-28 03:41:11,901: INFO: utils: NumExpr defaulting to 4 threads.]
[2025-10-28 03:41:11,901: INFO: utils: NumExpr defaulting to 4 threads.]
[2025-10-28 03:41:14,720: INFO: config: TensorFlow version 2.20.0 available.]
[2025-10-28 03:41:14,720: INFO: config: TensorFlow version 2.20.0 available.]
[2025-10-28 03:41:14,736: INFO: config: TensorFlow version 2.20.0 available.]
[2025-10-28 03:42:32,775: INFO: data_transformation: Processing batch 2/61: samples 50000-100000]
[2025-10-28 03:42:35,019: INFO: utils: NumExpr defaulting to 4 threads.]
[2025-10-28 03:42:35,019: INFO: utils: NumExpr defaulting to 4 threads.]
[2025-10-28 03:42:35,019: INFO: utils: NumExpr defaulting to 4 threads.]
[2025-10-28 03:42:36,638: INFO: config: TensorFlow version 2.20.0 available.]
[2025-10-28 03:42:36,640: INFO: config: TensorFlow version 2.20.0 available.]
[2025-10-28 03:42:36,684: INFO: config: TensorFlow version 2.20.0 available.]
[2025-10-28 03:45:40,984: INFO: utils: NumExpr defaulting to 4 threads.]
[2025-10-28 03:45:42,114: INFO: config: TensorFlow version 2.20.0 available.]
[2025-10-28 03:45:47,020: INFO: common: yaml file: config\config.yaml loaded successfully]
[2025-10-28 03:45:47,026: INFO: common: yaml file: param\params.yaml loaded successfully]
[2025-10-28 03:45:47,027: INFO: common: created directory at: artifacts]
[2025-10-28 03:45:47,028: INFO: common: created directory at: artifacts/data_transformation]
[2025-10-28 03:45:48,315: INFO: data_transformation:  Loading dataset from artifacts/data_ingestion]
[2025-10-28 03:45:54,902: INFO: data_transformation:  Dataset loaded with 1000000 samples]
[2025-10-28 03:45:54,932: INFO: data_transformation: Converting conversations into input-target pairs...]
[2025-10-28 03:46:08,347: INFO: data_transformation: Saving batch 1...]
[2025-10-28 03:46:29,255: INFO: data_transformation: Saving batch 2...]
[2025-10-28 03:46:51,811: INFO: data_transformation: Saving batch 3...]
[2025-10-28 03:47:14,672: INFO: data_transformation: Saving batch 4...]
[2025-10-28 03:47:41,852: INFO: data_transformation: Saving batch 5...]
[2025-10-28 03:48:08,788: INFO: data_transformation: Saving batch 6...]
[2025-10-28 03:48:32,248: INFO: data_transformation: Saving batch 7...]
[2025-10-28 03:48:56,344: INFO: data_transformation: Saving batch 8...]
[2025-10-28 03:49:18,191: INFO: data_transformation: Saving batch 9...]
[2025-10-28 03:49:38,210: INFO: data_transformation: Saving batch 10...]
[2025-10-28 03:49:46,759: INFO: data_transformation:  Created total 3031290 conversation pairs]
[2025-10-28 03:49:46,806: INFO: data_transformation:  Applying tokenization in batches (memory safe)...]
[2025-10-28 03:49:46,810: INFO: data_transformation: Processing batch 1/11: samples 0-300000]
[2025-10-28 03:49:50,704: INFO: utils: NumExpr defaulting to 4 threads.]
[2025-10-28 03:49:50,704: INFO: utils: NumExpr defaulting to 4 threads.]
[2025-10-28 03:49:50,704: INFO: utils: NumExpr defaulting to 4 threads.]
[2025-10-28 03:49:52,485: INFO: config: TensorFlow version 2.20.0 available.]
[2025-10-28 03:49:52,485: INFO: config: TensorFlow version 2.20.0 available.]
[2025-10-28 03:56:49,073: INFO: data_transformation: Processing batch 2/11: samples 300000-600000]
[2025-10-28 03:56:51,887: INFO: utils: NumExpr defaulting to 4 threads.]
[2025-10-28 03:56:51,888: INFO: utils: NumExpr defaulting to 4 threads.]
[2025-10-28 03:56:51,888: INFO: utils: NumExpr defaulting to 4 threads.]
[2025-10-28 03:56:53,251: INFO: config: TensorFlow version 2.20.0 available.]
[2025-10-28 03:56:53,258: INFO: config: TensorFlow version 2.20.0 available.]
[2025-10-28 04:05:13,982: INFO: data_transformation: Processing batch 3/11: samples 600000-900000]
[2025-10-28 04:05:18,743: INFO: utils: NumExpr defaulting to 4 threads.]
[2025-10-28 04:05:18,744: INFO: utils: NumExpr defaulting to 4 threads.]
[2025-10-28 04:05:18,746: INFO: utils: NumExpr defaulting to 4 threads.]
[2025-10-28 04:05:20,368: INFO: config: TensorFlow version 2.20.0 available.]
[2025-10-28 04:05:20,374: INFO: config: TensorFlow version 2.20.0 available.]
[2025-10-28 04:05:20,382: INFO: config: TensorFlow version 2.20.0 available.]
[2025-10-28 04:13:53,899: INFO: data_transformation: Processing batch 4/11: samples 900000-1200000]
[2025-10-28 04:13:57,868: INFO: utils: NumExpr defaulting to 4 threads.]
[2025-10-28 04:13:57,869: INFO: utils: NumExpr defaulting to 4 threads.]
[2025-10-28 04:13:57,869: INFO: utils: NumExpr defaulting to 4 threads.]
[2025-10-28 04:13:59,822: INFO: config: TensorFlow version 2.20.0 available.]
[2025-10-28 04:13:59,834: INFO: config: TensorFlow version 2.20.0 available.]
[2025-10-28 04:13:59,840: INFO: config: TensorFlow version 2.20.0 available.]
[2025-10-28 04:33:15,337: INFO: utils: NumExpr defaulting to 4 threads.]
[2025-10-28 04:33:25,110: INFO: config: TensorFlow version 2.20.0 available.]
[2025-10-28 04:33:59,776: INFO: common: yaml file: config\config.yaml loaded successfully]
[2025-10-28 04:33:59,789: INFO: common: yaml file: param\params.yaml loaded successfully]
[2025-10-28 04:33:59,796: INFO: common: created directory at: artifacts]
[2025-10-28 04:33:59,799: INFO: common: created directory at: artifacts/data_transformation]
[2025-10-28 04:34:05,733: INFO: data_transformation:  Loading dataset from artifacts/data_ingestion]
[2025-10-28 04:34:19,059: INFO: data_transformation:  Dataset loaded with 1000000 samples]
[2025-10-28 04:34:19,099: INFO: data_transformation: Converting conversations into input-target pairs...]
[2025-10-28 04:35:53,419: INFO: data_transformation: Saving batch 1...]
[2025-10-28 04:37:02,449: INFO: data_transformation: Saving batch 2...]
[2025-10-28 04:37:54,406: INFO: data_transformation: Saving batch 3...]
[2025-10-28 04:39:22,074: INFO: data_transformation: Saving batch 4...]
[2025-10-28 04:40:15,152: INFO: data_transformation: Saving batch 5...]
[2025-10-28 04:41:05,264: INFO: data_transformation: Saving batch 6...]
[2025-10-28 04:42:04,945: INFO: data_transformation: Saving batch 7...]
[2025-10-28 04:42:58,239: INFO: data_transformation: Saving batch 8...]
[2025-10-28 04:43:38,293: INFO: data_transformation: Saving batch 9...]
[2025-10-28 04:44:40,800: INFO: data_transformation: Saving batch 10...]
[2025-10-28 04:45:03,705: INFO: data_transformation:  Created total 3031290 conversation pairs]
[2025-10-28 04:45:03,754: INFO: data_transformation:  Applying tokenization in batches (memory safe)...]
[2025-10-28 04:45:03,767: INFO: data_transformation: Processing batch 1/31: samples 0-100000]
[2025-10-28 04:45:10,290: INFO: utils: NumExpr defaulting to 4 threads.]
[2025-10-28 04:45:10,291: INFO: utils: NumExpr defaulting to 4 threads.]
[2025-10-28 04:45:10,293: INFO: utils: NumExpr defaulting to 4 threads.]
[2025-10-28 04:45:12,587: INFO: config: TensorFlow version 2.20.0 available.]
[2025-10-28 04:45:12,587: INFO: config: TensorFlow version 2.20.0 available.]
[2025-10-28 04:45:12,587: INFO: config: TensorFlow version 2.20.0 available.]
[2025-10-28 04:47:15,398: INFO: data_transformation: Processing batch 2/31: samples 100000-200000]
[2025-10-28 04:47:17,819: INFO: utils: NumExpr defaulting to 4 threads.]
[2025-10-28 04:47:17,821: INFO: utils: NumExpr defaulting to 4 threads.]
[2025-10-28 04:47:17,823: INFO: utils: NumExpr defaulting to 4 threads.]
[2025-10-28 04:47:19,521: INFO: config: TensorFlow version 2.20.0 available.]
[2025-10-28 04:47:19,537: INFO: config: TensorFlow version 2.20.0 available.]
[2025-10-28 04:47:19,538: INFO: config: TensorFlow version 2.20.0 available.]
[2025-10-28 04:49:00,930: INFO: data_transformation: Processing batch 3/31: samples 200000-300000]
[2025-10-28 04:49:02,672: INFO: utils: NumExpr defaulting to 4 threads.]
[2025-10-28 04:49:02,673: INFO: utils: NumExpr defaulting to 4 threads.]
[2025-10-28 04:49:04,552: INFO: config: TensorFlow version 2.20.0 available.]
[2025-10-28 04:49:04,560: INFO: config: TensorFlow version 2.20.0 available.]
[2025-10-28 04:49:04,562: INFO: config: TensorFlow version 2.20.0 available.]
[2025-10-28 04:50:50,962: INFO: data_transformation: Processing batch 4/31: samples 300000-400000]
[2025-10-28 04:50:53,314: INFO: utils: NumExpr defaulting to 4 threads.]
[2025-10-28 04:50:53,325: INFO: utils: NumExpr defaulting to 4 threads.]
[2025-10-28 04:50:54,263: INFO: config: TensorFlow version 2.20.0 available.]
[2025-10-28 04:50:54,268: INFO: config: TensorFlow version 2.20.0 available.]
[2025-10-28 04:50:54,271: INFO: config: TensorFlow version 2.20.0 available.]
[2025-10-28 04:53:53,020: INFO: data_transformation: Processing batch 5/31: samples 400000-500000]
[2025-10-28 04:53:55,701: INFO: utils: NumExpr defaulting to 4 threads.]
[2025-10-28 04:53:55,703: INFO: utils: NumExpr defaulting to 4 threads.]
[2025-10-28 04:53:55,705: INFO: utils: NumExpr defaulting to 4 threads.]
[2025-10-28 04:53:57,588: INFO: config: TensorFlow version 2.20.0 available.]
[2025-10-28 04:53:57,589: INFO: config: TensorFlow version 2.20.0 available.]
[2025-10-28 04:53:57,762: INFO: config: TensorFlow version 2.20.0 available.]
[2025-10-28 04:56:20,779: INFO: data_transformation: Processing batch 6/31: samples 500000-600000]
[2025-10-28 04:56:22,608: INFO: utils: NumExpr defaulting to 4 threads.]
[2025-10-28 04:56:22,609: INFO: utils: NumExpr defaulting to 4 threads.]
[2025-10-28 04:56:23,839: INFO: config: TensorFlow version 2.20.0 available.]
[2025-10-28 04:56:23,845: INFO: config: TensorFlow version 2.20.0 available.]
[2025-10-28 04:58:22,815: INFO: data_transformation: Processing batch 7/31: samples 600000-700000]
[2025-10-28 04:58:24,486: INFO: utils: NumExpr defaulting to 4 threads.]
[2025-10-28 04:58:24,498: INFO: utils: NumExpr defaulting to 4 threads.]
[2025-10-28 04:58:25,623: INFO: config: TensorFlow version 2.20.0 available.]
[2025-10-28 04:58:25,624: INFO: config: TensorFlow version 2.20.0 available.]
[2025-10-28 04:58:25,630: INFO: config: TensorFlow version 2.20.0 available.]
[2025-10-28 05:00:17,416: INFO: data_transformation: Processing batch 8/31: samples 700000-800000]
[2025-10-28 05:00:19,292: INFO: utils: NumExpr defaulting to 4 threads.]
[2025-10-28 05:00:19,292: INFO: utils: NumExpr defaulting to 4 threads.]
[2025-10-28 05:00:19,295: INFO: utils: NumExpr defaulting to 4 threads.]
[2025-10-28 05:00:20,540: INFO: config: TensorFlow version 2.20.0 available.]
[2025-10-28 05:00:20,544: INFO: config: TensorFlow version 2.20.0 available.]
[2025-10-28 05:00:20,570: INFO: config: TensorFlow version 2.20.0 available.]
[2025-10-28 05:01:59,511: INFO: data_transformation: Processing batch 9/31: samples 800000-900000]
[2025-10-28 05:02:01,359: INFO: utils: NumExpr defaulting to 4 threads.]
[2025-10-28 05:02:01,481: INFO: utils: NumExpr defaulting to 4 threads.]
[2025-10-28 05:02:01,611: INFO: utils: NumExpr defaulting to 4 threads.]
[2025-10-28 05:02:02,352: INFO: config: TensorFlow version 2.20.0 available.]
[2025-10-28 05:02:02,511: INFO: config: TensorFlow version 2.20.0 available.]
[2025-10-28 05:02:02,628: INFO: config: TensorFlow version 2.20.0 available.]
[2025-10-28 05:03:42,975: INFO: data_transformation: Processing batch 10/31: samples 900000-1000000]
[2025-10-28 05:03:44,829: INFO: utils: NumExpr defaulting to 4 threads.]
[2025-10-28 05:03:44,853: INFO: utils: NumExpr defaulting to 4 threads.]
[2025-10-28 05:03:44,894: INFO: utils: NumExpr defaulting to 4 threads.]
[2025-10-28 05:03:45,890: INFO: config: TensorFlow version 2.20.0 available.]
[2025-10-28 05:03:45,959: INFO: config: TensorFlow version 2.20.0 available.]
[2025-10-28 05:03:45,977: INFO: config: TensorFlow version 2.20.0 available.]
[2025-10-28 05:05:29,656: INFO: data_transformation: Processing batch 11/31: samples 1000000-1100000]
[2025-10-28 05:05:31,186: INFO: utils: NumExpr defaulting to 4 threads.]
[2025-10-28 05:05:31,201: INFO: utils: NumExpr defaulting to 4 threads.]
[2025-10-28 05:05:31,256: INFO: utils: NumExpr defaulting to 4 threads.]
[2025-10-28 05:05:32,436: INFO: config: TensorFlow version 2.20.0 available.]
[2025-10-28 05:05:32,446: INFO: config: TensorFlow version 2.20.0 available.]
[2025-10-28 05:05:32,452: INFO: config: TensorFlow version 2.20.0 available.]
[2025-10-28 05:07:12,162: INFO: data_transformation: Processing batch 12/31: samples 1100000-1200000]
[2025-10-28 05:07:13,960: INFO: utils: NumExpr defaulting to 4 threads.]
[2025-10-28 05:07:13,960: INFO: utils: NumExpr defaulting to 4 threads.]
[2025-10-28 05:07:14,004: INFO: utils: NumExpr defaulting to 4 threads.]
[2025-10-28 05:07:15,071: INFO: config: TensorFlow version 2.20.0 available.]
[2025-10-28 05:07:15,080: INFO: config: TensorFlow version 2.20.0 available.]
[2025-10-28 05:07:15,088: INFO: config: TensorFlow version 2.20.0 available.]
[2025-10-28 05:09:05,192: INFO: data_transformation: Processing batch 13/31: samples 1200000-1300000]
[2025-10-28 05:09:07,165: INFO: utils: NumExpr defaulting to 4 threads.]
[2025-10-28 05:09:07,166: INFO: utils: NumExpr defaulting to 4 threads.]
[2025-10-28 05:09:07,166: INFO: utils: NumExpr defaulting to 4 threads.]
[2025-10-28 05:09:08,312: INFO: config: TensorFlow version 2.20.0 available.]
[2025-10-28 05:09:08,312: INFO: config: TensorFlow version 2.20.0 available.]
[2025-10-28 05:09:08,312: INFO: config: TensorFlow version 2.20.0 available.]
[2025-10-28 05:10:56,680: INFO: data_transformation: Processing batch 14/31: samples 1300000-1400000]
[2025-10-28 05:11:00,742: INFO: utils: NumExpr defaulting to 4 threads.]
[2025-10-28 05:11:00,755: INFO: utils: NumExpr defaulting to 4 threads.]
[2025-10-28 05:11:00,756: INFO: utils: NumExpr defaulting to 4 threads.]
[2025-10-28 05:11:01,864: INFO: config: TensorFlow version 2.20.0 available.]
[2025-10-28 05:11:01,865: INFO: config: TensorFlow version 2.20.0 available.]
[2025-10-28 05:11:01,865: INFO: config: TensorFlow version 2.20.0 available.]
[2025-10-28 05:13:08,212: INFO: data_transformation: Processing batch 15/31: samples 1400000-1500000]
[2025-10-28 05:13:09,886: INFO: utils: NumExpr defaulting to 4 threads.]
[2025-10-28 05:13:09,888: INFO: utils: NumExpr defaulting to 4 threads.]
[2025-10-28 05:13:09,889: INFO: utils: NumExpr defaulting to 4 threads.]
[2025-10-28 05:13:11,057: INFO: config: TensorFlow version 2.20.0 available.]
[2025-10-28 05:13:11,058: INFO: config: TensorFlow version 2.20.0 available.]
[2025-10-28 05:13:11,060: INFO: config: TensorFlow version 2.20.0 available.]
[2025-10-28 05:14:55,555: INFO: data_transformation: Processing batch 16/31: samples 1500000-1600000]
[2025-10-28 05:14:57,393: INFO: utils: NumExpr defaulting to 4 threads.]
[2025-10-28 05:14:57,394: INFO: utils: NumExpr defaulting to 4 threads.]
[2025-10-28 05:14:58,724: INFO: config: TensorFlow version 2.20.0 available.]
[2025-10-28 05:14:58,725: INFO: config: TensorFlow version 2.20.0 available.]
[2025-10-28 05:14:58,726: INFO: config: TensorFlow version 2.20.0 available.]
[2025-10-28 05:16:47,409: INFO: data_transformation: Processing batch 17/31: samples 1600000-1700000]
[2025-10-28 05:16:49,280: INFO: utils: NumExpr defaulting to 4 threads.]
[2025-10-28 05:16:49,280: INFO: utils: NumExpr defaulting to 4 threads.]
[2025-10-28 05:16:50,674: INFO: config: TensorFlow version 2.20.0 available.]
[2025-10-28 05:16:50,674: INFO: config: TensorFlow version 2.20.0 available.]
[2025-10-28 05:16:50,676: INFO: config: TensorFlow version 2.20.0 available.]
[2025-10-28 05:18:54,725: INFO: data_transformation: Processing batch 18/31: samples 1700000-1800000]
[2025-10-28 05:18:56,481: INFO: utils: NumExpr defaulting to 4 threads.]
[2025-10-28 05:18:56,485: INFO: utils: NumExpr defaulting to 4 threads.]
[2025-10-28 05:18:56,532: INFO: utils: NumExpr defaulting to 4 threads.]
[2025-10-28 05:18:57,846: INFO: config: TensorFlow version 2.20.0 available.]
[2025-10-28 05:18:57,849: INFO: config: TensorFlow version 2.20.0 available.]
[2025-10-28 05:18:57,853: INFO: config: TensorFlow version 2.20.0 available.]
[2025-10-28 05:20:50,709: INFO: data_transformation: Processing batch 19/31: samples 1800000-1900000]
[2025-10-28 05:20:52,789: INFO: utils: NumExpr defaulting to 4 threads.]
[2025-10-28 05:20:52,802: INFO: utils: NumExpr defaulting to 4 threads.]
[2025-10-28 05:20:52,805: INFO: utils: NumExpr defaulting to 4 threads.]
[2025-10-28 05:20:53,988: INFO: config: TensorFlow version 2.20.0 available.]
[2025-10-28 05:20:53,988: INFO: config: TensorFlow version 2.20.0 available.]
[2025-10-28 05:22:38,994: INFO: data_transformation: Processing batch 20/31: samples 1900000-2000000]
[2025-10-28 05:22:41,206: INFO: utils: NumExpr defaulting to 4 threads.]
[2025-10-28 05:22:41,206: INFO: utils: NumExpr defaulting to 4 threads.]
[2025-10-28 05:22:41,207: INFO: utils: NumExpr defaulting to 4 threads.]
[2025-10-28 05:22:42,469: INFO: config: TensorFlow version 2.20.0 available.]
[2025-10-28 05:22:42,474: INFO: config: TensorFlow version 2.20.0 available.]
[2025-10-28 05:22:42,476: INFO: config: TensorFlow version 2.20.0 available.]
[2025-10-28 05:24:21,389: INFO: data_transformation: Processing batch 21/31: samples 2000000-2100000]
[2025-10-28 05:24:23,134: INFO: utils: NumExpr defaulting to 4 threads.]
[2025-10-28 05:24:23,134: INFO: utils: NumExpr defaulting to 4 threads.]
[2025-10-28 05:24:23,141: INFO: utils: NumExpr defaulting to 4 threads.]
[2025-10-28 05:24:24,260: INFO: config: TensorFlow version 2.20.0 available.]
[2025-10-28 05:24:24,272: INFO: config: TensorFlow version 2.20.0 available.]
[2025-10-28 05:24:24,276: INFO: config: TensorFlow version 2.20.0 available.]
[2025-10-28 05:26:04,969: INFO: data_transformation: Processing batch 22/31: samples 2100000-2200000]
[2025-10-28 05:26:06,396: INFO: utils: NumExpr defaulting to 4 threads.]
[2025-10-28 05:26:06,412: INFO: utils: NumExpr defaulting to 4 threads.]
[2025-10-28 05:26:06,480: INFO: utils: NumExpr defaulting to 4 threads.]
[2025-10-28 05:26:07,388: INFO: config: TensorFlow version 2.20.0 available.]
[2025-10-28 05:26:07,398: INFO: config: TensorFlow version 2.20.0 available.]
[2025-10-28 05:26:07,478: INFO: config: TensorFlow version 2.20.0 available.]
[2025-10-28 07:39:04,540: INFO: utils: NumExpr defaulting to 4 threads.]
[2025-10-28 07:39:10,045: INFO: config: TensorFlow version 2.20.0 available.]
[2025-10-28 07:39:33,503: INFO: common: yaml file: config\config.yaml loaded successfully]
[2025-10-28 07:39:33,533: INFO: common: yaml file: param\params.yaml loaded successfully]
[2025-10-28 07:39:33,538: INFO: common: created directory at: artifacts]
[2025-10-28 07:39:33,539: INFO: common: created directory at: artifacts/data_transformation]
[2025-10-28 07:39:35,751: INFO: data_transformation:  Loading dataset from artifacts/data_ingestion]
[2025-10-28 07:40:57,498: INFO: utils: NumExpr defaulting to 4 threads.]
[2025-10-28 07:40:59,506: INFO: config: TensorFlow version 2.20.0 available.]
[2025-10-28 07:41:10,248: INFO: common: yaml file: config\config.yaml loaded successfully]
[2025-10-28 07:41:10,251: INFO: common: yaml file: param\params.yaml loaded successfully]
[2025-10-28 07:41:10,252: INFO: common: created directory at: artifacts]
[2025-10-28 07:41:10,253: INFO: common: created directory at: artifacts/data_transformation]
[2025-10-28 07:41:12,430: INFO: data_transformation:  Loading dataset from artifacts/data_ingestion]
[2025-10-28 07:41:24,481: INFO: data_transformation:  Dataset loaded with 1000000 samples]
[2025-10-28 07:41:24,483: INFO: data_transformation: Converting conversations into input-target pairs...]
[2025-10-28 07:41:44,384: INFO: data_transformation: Saving batch 1...]
[2025-10-28 07:42:22,828: INFO: data_transformation: Saving batch 2...]
[2025-10-28 07:42:59,204: INFO: data_transformation: Saving batch 3...]
[2025-10-28 07:43:34,634: INFO: data_transformation: Saving batch 4...]
[2025-10-28 07:44:09,648: INFO: data_transformation: Saving batch 5...]
[2025-10-28 07:44:39,300: INFO: data_transformation: Saving batch 6...]
[2025-10-28 07:45:08,809: INFO: data_transformation: Saving batch 7...]
[2025-10-28 07:45:40,792: INFO: data_transformation: Saving batch 8...]
[2025-10-28 07:46:10,244: INFO: data_transformation: Saving batch 9...]
[2025-10-28 07:46:42,898: INFO: data_transformation: Saving batch 10...]
[2025-10-28 07:46:52,207: INFO: data_transformation:  Created total 3031290 conversation pairs]
[2025-10-28 07:46:52,237: INFO: data_transformation:  Applying tokenization in batches (memory safe)...]
[2025-10-28 07:46:52,246: INFO: data_transformation: Processing batch 1/61: samples 0-50000]
[2025-10-28 07:46:59,126: INFO: utils: NumExpr defaulting to 4 threads.]
[2025-10-28 07:46:59,127: INFO: utils: NumExpr defaulting to 4 threads.]
[2025-10-28 07:46:59,129: INFO: utils: NumExpr defaulting to 4 threads.]
[2025-10-28 07:47:01,952: INFO: config: TensorFlow version 2.20.0 available.]
[2025-10-28 07:47:01,953: INFO: config: TensorFlow version 2.20.0 available.]
[2025-10-28 07:47:01,954: INFO: config: TensorFlow version 2.20.0 available.]
[2025-10-28 07:48:38,574: INFO: data_transformation: Processing batch 2/61: samples 50000-100000]
